Arguments: 
  /usr/local/bin/node /usr/local/bin/yarn add --dev webpack

PATH: 
  /usr/local/bin:/usr/bin:/bin:/usr/sbin:/sbin:/Users/roonie/.yarn/bin

Yarn version: 
  0.16.1

Node version: 
  5.6.0

Platform: 
  darwin x64

npm manifest: 
  {
    "name": "api-server",
    "version": "0.1.0",
    "main": "index.js",
    "license": "MIT",
    "scripts": {
      "build": "tsc --rootDir src --outDir dist",
    },
    "dependencies": {
      "@angular/common": "^2.2.1",
      "@angular/compiler": "^2.2.1",
      "@angular/core": "^2.2.1",
      "@angular/http": "^2.2.1",
      "@angular/platform-browser": "^2.2.1",
      "@angular/platform-browser-dynamic": "^2.2.1",
      "@angular/router": "^3.2.1",
      "@types/core-js": "^0.9.34",
      "core-js": "^2.4.1",
      "reflect-metadata": "^0.1.8",
      "rxjs": "^5.0.0-rc.4",
      "zone.js": "^0.6.26"
    },
    "devDependencies": {
      "typescript": "^2.0.10"
    }
  }

yarn manifest: 
  No manifest

bower manifest: 
  No manifest

Lockfile: 
  # THIS IS AN AUTOGENERATED FILE. DO NOT EDIT THIS FILE DIRECTLY.
  # yarn lockfile v1
  "@angular/common":
    version "2.2.1"
    resolved "https://registry.yarnpkg.com/@angular/common/-/common-2.2.1.tgz#ad7996a865b7b11fc315363827f2414a48c6589c"
  
  "@angular/compiler":
    version "2.2.1"
    resolved "https://registry.yarnpkg.com/@angular/compiler/-/compiler-2.2.1.tgz#16e7faf588cf9121a0f6c16d0bae2830f4cafdc1"
  
  "@angular/core":
    version "2.2.1"
    resolved "https://registry.yarnpkg.com/@angular/core/-/core-2.2.1.tgz#86fdc34a370a4fcfe84ed9de4b3c43548612919c"
  
  "@angular/http":
    version "2.2.1"
    resolved "https://registry.yarnpkg.com/@angular/http/-/http-2.2.1.tgz#1626884a6c5f0cc602ce9d81e7420fcc02db3353"
  
  "@angular/platform-browser":
    version "2.2.1"
    resolved "https://registry.yarnpkg.com/@angular/platform-browser/-/platform-browser-2.2.1.tgz#d51b36260089f3054e745efad05993523d5a5293"
  
  "@angular/platform-browser-dynamic":
    version "2.2.1"
    resolved "https://registry.yarnpkg.com/@angular/platform-browser-dynamic/-/platform-browser-dynamic-2.2.1.tgz#561d32982fee4b68b474ba474c7f3c4d94bfeb6c"
  
  "@angular/router":
    version "3.2.1"
    resolved "https://registry.yarnpkg.com/@angular/router/-/router-3.2.1.tgz#eeace722a5a222bd6b1379df7a5bc580ace093ca"
  
  "@types/core-js":
    version "0.9.34"
    resolved "https://registry.yarnpkg.com/@types/core-js/-/core-js-0.9.34.tgz#72c521d8e59fdaa8b65f76db71fa53c82c7c21c5"
  
  core-js:
    version "2.4.1"
    resolved "https://registry.yarnpkg.com/core-js/-/core-js-2.4.1.tgz#4de911e667b0eae9124e34254b53aea6fc618d3e"
  
  reflect-metadata:
    version "0.1.8"
    resolved "https://registry.yarnpkg.com/reflect-metadata/-/reflect-metadata-0.1.8.tgz#72426d570b60776e3688968bd5ab9537a15cecf6"
  
  rxjs:
    version "5.0.0-rc.4"
    resolved "https://registry.yarnpkg.com/rxjs/-/rxjs-5.0.0-rc.4.tgz#a4d08bc5d7f30d48ed7130e2995490c326a325c4"
    dependencies:
      symbol-observable "^1.0.1"
  
  symbol-observable@^1.0.1:
    version "1.0.4"
    resolved "https://registry.yarnpkg.com/symbol-observable/-/symbol-observable-1.0.4.tgz#29bf615d4aa7121bdd898b22d4b3f9bc4e2aa03d"
  
  typescript:
    version "2.0.10"
    resolved "https://registry.yarnpkg.com/typescript/-/typescript-2.0.10.tgz#ccdd4ed86fd5550a407101a0814012e1b3fac3dd"
  
  zone.js:
    version "0.6.26"
    resolved "https://registry.yarnpkg.com/zone.js/-/zone.js-0.6.26.tgz#067c13b8b80223a89b62e9dc82680f09762c4636"

Trace: 
  SyntaxError: /Users/roonie/workspace/art-of-metrics/api-server/package.json: Unexpected token }
      at Object.parse (native)
      at /usr/local/lib/node_modules/yarn/lib/util/fs.js:271:57
      at next (native)
      at step (/usr/local/lib/node_modules/yarn/node_modules/babel-runtime/helpers/asyncToGenerator.js:17:30)
      at /usr/local/lib/node_modules/yarn/node_modules/babel-runtime/helpers/asyncToGenerator.js:28:13
      at run (/usr/local/lib/node_modules/yarn/node_modules/core-js/library/modules/es6.promise.js:87:22)
      at /usr/local/lib/node_modules/yarn/node_modules/core-js/library/modules/es6.promise.js:100:28
      at flush (/usr/local/lib/node_modules/yarn/node_modules/core-js/library/modules/_microtask.js:18:9)
      at nextTickCallbackWith0Args (node.js:453:9)
      at process._tickCallback (node.js:382:13)
